Arguments: 
  C:\Program Files\nodejs\node.exe C:\Users\FVO_MMILLLER\AppData\Roaming\npm\node_modules\yarn\bin\yarn.js add -D mocha

PATH: 
  C:\Program Files\Common Files\Oracle\Java\javapath;C:\Python39\Scripts\;C:\Python39\;C:\WINDOWS\system32;C:\WINDOWS;C:\WINDOWS\System32\Wbem;C:\WINDOWS\System32\WindowsPowerShell\v1.0\;C:\WINDOWS\System32\OpenSSH\;C:\Program Files\Git\cmd;C:\ProgramData\chocolatey\bin;C:\Users\FVO_MMILLLER\Downloads\mongosh-1.5.0-win32-x64\mongosh-1.5.0-win32-x64\bin;C:\Program Files\nodejs\;C:\Program Files (x86)\dotnet\;C:\Program Files\OpenJDK\openjdk-11.0.16_8\bin;C:\Program Files\Java\jdk-18.0.2\bin;;C:\Program Files\Docker\Docker\resources\bin;C:\ProgramData\DockerDesktop\version-bin;C:\Users\FVO_MMILLLER\AppData\Local\Programs\Python\Python310\Scripts\;C:\Users\FVO_MMILLLER\AppData\Local\Programs\Python\Python310\;C:\Users\FVO_MMILLLER\AppData\Local\Microsoft\WindowsApps;C:\Users\FVO_MMILLLER\AppData\Local\Programs\Microsoft VS Code\bin;C:\Users\FVO_MMILLLER\AppData\Local\GitHubDesktop\bin;C:\Program Files\JetBrains\PyCharm Community Edition 2022.1.2\bin;;C:\Users\FVO_MMILLLER\AppData\Roaming\npm;C:\Users\FVO_MMILLLER\AppData\Local\Android\Sdk\platform-tools;

Yarn version: 
  1.22.19

Node version: 
  16.15.1

Platform: 
  win32 x64

Trace: 
  Error: https://registry.yarnpkg.com/algosdk/-/algosdk-1.23.1.tgz: ESOCKETTIMEDOUT
      at ClientRequest.<anonymous> (C:\Users\FVO_MMILLLER\AppData\Roaming\npm\node_modules\yarn\lib\cli.js:141517:19)
      at Object.onceWrapper (node:events:641:28)
      at ClientRequest.emit (node:events:527:28)
      at TLSSocket.emitRequestTimeout (node:_http_client:771:9)
      at Object.onceWrapper (node:events:641:28)
      at TLSSocket.emit (node:events:539:35)
      at TLSSocket.Socket._onTimeout (node:net:516:8)
      at listOnTimeout (node:internal/timers:559:17)
      at processTimers (node:internal/timers:502:7)

npm manifest: 
  {
    "name": "quatre-digesu-on-celo",
    "version": "1.0.0",
    "license": "MIT",
    "scripts": {
      "test": "hardhat test",
      "test-local": "hardhat test --network hardhat",
      "accounts": "hardhat accounts",
      "devchain": "npx celo-devchain --port 8545",
      "deploy": "hardhat deploy --export-all deployments/hardhat_contracts.json",
      "deploy-reset-watch": "hardhat deploy --reset --watch --export-all deployments/hardhat_contracts.json"
    },
    "devDependencies": {
      "@nomiclabs/hardhat-ethers": "^2.0.4",
      "@nomiclabs/hardhat-waffle": "^2.0.1",
      "@terminal-fi/celo-devchain": "^3.4.0",
      "@typechain/ethers-v5": "^9.0.0",
      "@typechain/hardhat": "^4.0.0",
      "@typechain/web3-v1": "^5.0.0",
      "bip39": "^3.0.4",
      "chai": "^4.3.4",
      "dotenv": "^10.0.0",
      "ethereum-waffle": "^3.4.0",
      "ethereumjs-util": "^7.1.3",
      "ethereumjs-wallet": "^1.0.2",
      "ethers": "^5.5.3",
      "fs": "0.0.1-security",
      "hardhat": "^2.8.2",
      "hardhat-deploy": "^0.9.24",
      "node-watch": "^0.7.2",
      "typechain": "^7.0.0"
    },
    "dependencies": {
      "ganache": "^7.0.0",
      "redstone-evm-connector": "^2.1.9"
    }
  }

yarn manifest: 
  No manifest

Lockfile: 
  No lockfile
